<?xml version="1.0" encoding="UTF-8"?>
<!-- Generated by org.testng.reporters.JUnitXMLReporter -->
<testsuite hostname="Matts-MacBook-Pro.local" ignored="0" name="Command line test" tests="1" failures="1" timestamp="17 May 2019 22:27:27 GMT" time="0.028" errors="0">
  <testcase name="testAdd" time="0.008" classname="Applitools.Tutorials.TestNGTutorial.TestNGSimpleTest">
    <failure type="java.lang.AssertionError" message="expected [d] but found [Test]">
      <![CDATA[java.lang.AssertionError: expected [d] but found [Test]
at Applitools.Tutorials.TestNGTutorial.TestNGSimpleTest.testAdd(TestNGSimpleTest.java:11)
... Removed 41 stack frames]]>
    </failure>
  </testcase> <!-- testAdd -->
</testsuite> <!-- Command line test -->
